[0110/152947.201:ERROR:directory_reader_win.cc(43)] FindFirstFile: The system cannot find the path specified. (0x3)
[0110/152947.221:ERROR:filesystem_win.cc(129)] GetFileAttributes C:\Users\Bin Rong\AppData\Local\Google\Chrome\User Data\Crashpad\attachments\e8e1d8d9-82ba-48c9-8e6a-4b79d4ef665f: The system cannot find the path specified. (0x3)
[0110/152947.227:ERROR:filesystem_win.cc(129)] GetFileAttributes C:\Users\Bin Rong\AppData\Local\Google\Chrome\User Data\Crashpad\attachments\3a7ed75f-fa88-4a79-a025-639b77ead336: The system cannot find the path specified. (0x3)
[0110/152947.232:ERROR:filesystem_win.cc(129)] GetFileAttributes C:\Users\Bin Rong\AppData\Local\Google\Chrome\User Data\Crashpad\attachments\3abae2ee-d444-4557-80ff-e4508137a0c9: The system cannot find the path specified. (0x3)
[0110/152947.246:ERROR:filesystem_win.cc(129)] GetFileAttributes C:\Users\Bin Rong\AppData\Local\Google\Chrome\User Data\Crashpad\attachments\43ae9ae2-4210-42f4-9c85-48018fa8cda3: The system cannot find the path specified. (0x3)
[0110/152947.253:ERROR:filesystem_win.cc(129)] GetFileAttributes C:\Users\Bin Rong\AppData\Local\Google\Chrome\User Data\Crashpad\attachments\329a6b31-df84-4ef2-af86-315658225b18: The system cannot find the path specified. (0x3)
[0110/152947.258:ERROR:filesystem_win.cc(129)] GetFileAttributes C:\Users\Bin Rong\AppData\Local\Google\Chrome\User Data\Crashpad\attachments\008e1728-01d5-4ba3-8a2c-87bc3801e13a: The system cannot find the path specified. (0x3)
[0110/152947.263:ERROR:filesystem_win.cc(129)] GetFileAttributes C:\Users\Bin Rong\AppData\Local\Google\Chrome\User Data\Crashpad\attachments\951822e1-b0b2-4374-9688-002dfe50281d: The system cannot find the path specified. (0x3)
[0110/152947.268:ERROR:filesystem_win.cc(129)] GetFileAttributes C:\Users\Bin Rong\AppData\Local\Google\Chrome\User Data\Crashpad\attachments\4559e74b-9223-4b95-941a-1c082cd92b56: The system cannot find the path specified. (0x3)
[0110/152947.273:ERROR:filesystem_win.cc(129)] GetFileAttributes C:\Users\Bin Rong\AppData\Local\Google\Chrome\User Data\Crashpad\attachments\3355ba1c-2cdf-40e7-9687-5c302b542af0: The system cannot find the path specified. (0x3)
[0110/152947.280:ERROR:filesystem_win.cc(129)] GetFileAttributes C:\Users\Bin Rong\AppData\Local\Google\Chrome\User Data\Crashpad\attachments\b2887e14-4101-48f8-b2ce-bd4d4ada1ff1: The system cannot find the path specified. (0x3)
[0110/152947.290:ERROR:filesystem_win.cc(129)] GetFileAttributes C:\Users\Bin Rong\AppData\Local\Google\Chrome\User Data\Crashpad\attachments\c9b5700e-885d-4452-9822-988f59ba2d34: The system cannot find the path specified. (0x3)
[0110/152947.301:ERROR:filesystem_win.cc(129)] GetFileAttributes C:\Users\Bin Rong\AppData\Local\Google\Chrome\User Data\Crashpad\attachments\a2200bdd-0cf0-4150-9c9d-8cc97fda3631: The system cannot find the path specified. (0x3)
[0110/152947.310:ERROR:filesystem_win.cc(129)] GetFileAttributes C:\Users\Bin Rong\AppData\Local\Google\Chrome\User Data\Crashpad\attachments\3e9f34fd-ac2b-4b4e-af7a-5dc48c4b345c: The system cannot find the path specified. (0x3)
[0110/152947.316:ERROR:filesystem_win.cc(129)] GetFileAttributes C:\Users\Bin Rong\AppData\Local\Google\Chrome\User Data\Crashpad\attachments\59a921ab-f0b8-460b-896e-a49ddbda48b1: The system cannot find the path specified. (0x3)
[0110/152947.322:ERROR:filesystem_win.cc(129)] GetFileAttributes C:\Users\Bin Rong\AppData\Local\Google\Chrome\User Data\Crashpad\attachments\5229051f-4fbf-40a4-9546-3ddf26b34a41: The system cannot find the path specified. (0x3)
[0110/152947.327:ERROR:filesystem_win.cc(129)] GetFileAttributes C:\Users\Bin Rong\AppData\Local\Google\Chrome\User Data\Crashpad\attachments\1529cc1e-dbb5-49ca-8d77-dc398ff21308: The system cannot find the path specified. (0x3)
[0110/152947.333:ERROR:filesystem_win.cc(129)] GetFileAttributes C:\Users\Bin Rong\AppData\Local\Google\Chrome\User Data\Crashpad\attachments\fe3fe551-b664-49d4-8c2d-89fb5d5f3ab2: The system cannot find the path specified. (0x3)
[0110/152947.338:ERROR:filesystem_win.cc(129)] GetFileAttributes C:\Users\Bin Rong\AppData\Local\Google\Chrome\User Data\Crashpad\attachments\d3e947ad-c42e-49fb-8c89-b5a506258f98: The system cannot find the path specified. (0x3)
[0110/152947.343:ERROR:filesystem_win.cc(129)] GetFileAttributes C:\Users\Bin Rong\AppData\Local\Google\Chrome\User Data\Crashpad\attachments\e99102ce-18a5-4c32-bbc0-c4917f250287: The system cannot find the path specified. (0x3)
[0110/152947.349:ERROR:filesystem_win.cc(129)] GetFileAttributes C:\Users\Bin Rong\AppData\Local\Google\Chrome\User Data\Crashpad\attachments\d97ec1e6-400f-44f9-bf63-7a305ceabf59: The system cannot find the path specified. (0x3)
[0110/152947.355:ERROR:filesystem_win.cc(129)] GetFileAttributes C:\Users\Bin Rong\AppData\Local\Google\Chrome\User Data\Crashpad\attachments\5af872db-db10-4e19-b9eb-5a4ae22d6b95: The system cannot find the path specified. (0x3)
[0110/152947.361:ERROR:filesystem_win.cc(129)] GetFileAttributes C:\Users\Bin Rong\AppData\Local\Google\Chrome\User Data\Crashpad\attachments\d3e17cc4-3887-4bbf-a091-afc6cf6d0459: The system cannot find the path specified. (0x3)
[0110/152947.368:ERROR:filesystem_win.cc(129)] GetFileAttributes C:\Users\Bin Rong\AppData\Local\Google\Chrome\User Data\Crashpad\attachments\417372f3-a169-474a-aac1-6e03c611989c: The system cannot find the path specified. (0x3)
[0110/152947.375:ERROR:filesystem_win.cc(129)] GetFileAttributes C:\Users\Bin Rong\AppData\Local\Google\Chrome\User Data\Crashpad\attachments\ea8ad703-4617-4c4d-944a-e5b6f4e34f1b: The system cannot find the path specified. (0x3)
[0110/152947.382:ERROR:filesystem_win.cc(129)] GetFileAttributes C:\Users\Bin Rong\AppData\Local\Google\Chrome\User Data\Crashpad\attachments\a54df29d-7669-409e-8744-32c97783e20b: The system cannot find the path specified. (0x3)
[0110/152947.391:ERROR:filesystem_win.cc(129)] GetFileAttributes C:\Users\Bin Rong\AppData\Local\Google\Chrome\User Data\Crashpad\attachments\3abf2014-95c1-485b-8bff-83509a161833: The system cannot find the path specified. (0x3)
[0110/152947.400:ERROR:filesystem_win.cc(129)] GetFileAttributes C:\Users\Bin Rong\AppData\Local\Google\Chrome\User Data\Crashpad\attachments\e8a623ea-5d17-4b76-ac8e-f830235680a9: The system cannot find the path specified. (0x3)
[0110/152947.406:ERROR:filesystem_win.cc(129)] GetFileAttributes C:\Users\Bin Rong\AppData\Local\Google\Chrome\User Data\Crashpad\attachments\65953c9e-8065-49cd-b5ef-10508f088beb: The system cannot find the path specified. (0x3)
[0110/152947.412:ERROR:filesystem_win.cc(129)] GetFileAttributes C:\Users\Bin Rong\AppData\Local\Google\Chrome\User Data\Crashpad\attachments\bb9dd771-5480-4083-90c5-15557a11d995: The system cannot find the path specified. (0x3)
[0110/152947.418:ERROR:filesystem_win.cc(129)] GetFileAttributes C:\Users\Bin Rong\AppData\Local\Google\Chrome\User Data\Crashpad\attachments\d5328280-cdff-4cb5-80be-ec7fe7e72b6f: The system cannot find the path specified. (0x3)
[0110/152947.423:ERROR:filesystem_win.cc(129)] GetFileAttributes C:\Users\Bin Rong\AppData\Local\Google\Chrome\User Data\Crashpad\attachments\627cccb2-4d6e-4c52-8d30-d3fd3e06d1ea: The system cannot find the path specified. (0x3)
[0110/152947.428:ERROR:filesystem_win.cc(129)] GetFileAttributes C:\Users\Bin Rong\AppData\Local\Google\Chrome\User Data\Crashpad\attachments\551f7d9c-8a37-45a8-b786-619a03e1303f: The system cannot find the path specified. (0x3)
[0110/152947.433:ERROR:filesystem_win.cc(129)] GetFileAttributes C:\Users\Bin Rong\AppData\Local\Google\Chrome\User Data\Crashpad\attachments\f0020a28-285a-4d51-b1a4-dc3b235ceb52: The system cannot find the path specified. (0x3)
[0110/152947.438:ERROR:filesystem_win.cc(129)] GetFileAttributes C:\Users\Bin Rong\AppData\Local\Google\Chrome\User Data\Crashpad\attachments\cc883495-0457-42f5-b2a9-fe0525d00db4: The system cannot find the path specified. (0x3)
[0110/152947.442:ERROR:filesystem_win.cc(129)] GetFileAttributes C:\Users\Bin Rong\AppData\Local\Google\Chrome\User Data\Crashpad\attachments\883d3aed-c93c-4c2b-8e83-1f2e0daf2527: The system cannot find the path specified. (0x3)
[0110/152947.447:ERROR:filesystem_win.cc(129)] GetFileAttributes C:\Users\Bin Rong\AppData\Local\Google\Chrome\User Data\Crashpad\attachments\4d0e367e-d940-4e57-b7dd-d7a5b08dfb6d: The system cannot find the path specified. (0x3)
[0110/152947.451:ERROR:filesystem_win.cc(129)] GetFileAttributes C:\Users\Bin Rong\AppData\Local\Google\Chrome\User Data\Crashpad\attachments\0dd768e4-f646-46ec-ba2f-17762c5bc195: The system cannot find the path specified. (0x3)
[0110/152947.455:ERROR:filesystem_win.cc(129)] GetFileAttributes C:\Users\Bin Rong\AppData\Local\Google\Chrome\User Data\Crashpad\attachments\c80c4c56-6a08-46a9-bede-e09b52ea24db: The system cannot find the path specified. (0x3)
[0110/152947.460:ERROR:filesystem_win.cc(129)] GetFileAttributes C:\Users\Bin Rong\AppData\Local\Google\Chrome\User Data\Crashpad\attachments\7a7b5654-f414-44a8-ad17-e7497ad28e44: The system cannot find the path specified. (0x3)
[0110/152947.464:ERROR:filesystem_win.cc(129)] GetFileAttributes C:\Users\Bin Rong\AppData\Local\Google\Chrome\User Data\Crashpad\attachments\1c788459-9fbd-41bc-9e06-93326824e85f: The system cannot find the path specified. (0x3)
[0110/152947.469:ERROR:filesystem_win.cc(129)] GetFileAttributes C:\Users\Bin Rong\AppData\Local\Google\Chrome\User Data\Crashpad\attachments\532162aa-e5b6-461f-a502-7ccab0227b1c: The system cannot find the path specified. (0x3)
[0110/152947.473:ERROR:filesystem_win.cc(129)] GetFileAttributes C:\Users\Bin Rong\AppData\Local\Google\Chrome\User Data\Crashpad\attachments\a7ce899a-f8c8-4f69-9b94-893cf91b5a14: The system cannot find the path specified. (0x3)
[0110/152947.477:ERROR:filesystem_win.cc(129)] GetFileAttributes C:\Users\Bin Rong\AppData\Local\Google\Chrome\User Data\Crashpad\attachments\ba06b7b2-728e-4c7e-b040-880bec41c106: The system cannot find the path specified. (0x3)
[0110/152947.482:ERROR:filesystem_win.cc(129)] GetFileAttributes C:\Users\Bin Rong\AppData\Local\Google\Chrome\User Data\Crashpad\attachments\3b2799b9-6d49-43fd-b87f-9ea9371dfb10: The system cannot find the path specified. (0x3)
[0110/152947.486:ERROR:filesystem_win.cc(129)] GetFileAttributes C:\Users\Bin Rong\AppData\Local\Google\Chrome\User Data\Crashpad\attachments\61b304c6-446e-4a00-8400-09f76fc6966c: The system cannot find the path specified. (0x3)
[0110/152947.490:ERROR:filesystem_win.cc(129)] GetFileAttributes C:\Users\Bin Rong\AppData\Local\Google\Chrome\User Data\Crashpad\attachments\0c49a602-9031-40ab-9166-c6826166dbdf: The system cannot find the path specified. (0x3)
[0110/152947.494:ERROR:filesystem_win.cc(129)] GetFileAttributes C:\Users\Bin Rong\AppData\Local\Google\Chrome\User Data\Crashpad\attachments\5f7c2b92-01cd-4a56-98c6-427d91ebbbd9: The system cannot find the path specified. (0x3)
[0110/152947.499:ERROR:filesystem_win.cc(129)] GetFileAttributes C:\Users\Bin Rong\AppData\Local\Google\Chrome\User Data\Crashpad\attachments\c4822d31-5631-4a1c-a250-0b57f6fd812c: The system cannot find the path specified. (0x3)
[0110/152947.503:ERROR:filesystem_win.cc(129)] GetFileAttributes C:\Users\Bin Rong\AppData\Local\Google\Chrome\User Data\Crashpad\attachments\275bf400-2a0b-4507-89bf-8725a0282113: The system cannot find the path specified. (0x3)
[0110/152947.507:ERROR:filesystem_win.cc(129)] GetFileAttributes C:\Users\Bin Rong\AppData\Local\Google\Chrome\User Data\Crashpad\attachments\a8935f30-54a1-4b0b-aa0c-758fccc1b3e8: The system cannot find the path specified. (0x3)
[0110/152947.511:ERROR:filesystem_win.cc(129)] GetFileAttributes C:\Users\Bin Rong\AppData\Local\Google\Chrome\User Data\Crashpad\attachments\1848b8c3-5884-43ac-9105-63af0c36acd0: The system cannot find the path specified. (0x3)
[0110/152947.515:ERROR:filesystem_win.cc(129)] GetFileAttributes C:\Users\Bin Rong\AppData\Local\Google\Chrome\User Data\Crashpad\attachments\3e48f4cf-2726-4bfd-8520-74353de5865a: The system cannot find the path specified. (0x3)
[0110/152947.520:ERROR:filesystem_win.cc(129)] GetFileAttributes C:\Users\Bin Rong\AppData\Local\Google\Chrome\User Data\Crashpad\attachments\7062409c-69e8-4c72-84bd-b63d233bf676: The system cannot find the path specified. (0x3)
[0110/152947.524:ERROR:filesystem_win.cc(129)] GetFileAttributes C:\Users\Bin Rong\AppData\Local\Google\Chrome\User Data\Crashpad\attachments\b11e6192-e802-40d4-ba9b-8048f5cbc9ee: The system cannot find the path specified. (0x3)
[0110/152947.528:ERROR:filesystem_win.cc(129)] GetFileAttributes C:\Users\Bin Rong\AppData\Local\Google\Chrome\User Data\Crashpad\attachments\20bc3b16-f69a-49ca-8c50-875df7b7a2db: The system cannot find the path specified. (0x3)
[0110/152947.532:ERROR:filesystem_win.cc(129)] GetFileAttributes C:\Users\Bin Rong\AppData\Local\Google\Chrome\User Data\Crashpad\attachments\3fea6fe5-466f-4497-9391-6b09077bd1c0: The system cannot find the path specified. (0x3)
[0110/152947.536:ERROR:filesystem_win.cc(129)] GetFileAttributes C:\Users\Bin Rong\AppData\Local\Google\Chrome\User Data\Crashpad\attachments\03f2baa0-b11b-4c40-8c2e-3915099fca4c: The system cannot find the path specified. (0x3)
[0110/152947.540:ERROR:filesystem_win.cc(129)] GetFileAttributes C:\Users\Bin Rong\AppData\Local\Google\Chrome\User Data\Crashpad\attachments\cc9e7b16-5edb-41e6-a886-e77f89420f48: The system cannot find the path specified. (0x3)
[0110/152947.544:ERROR:filesystem_win.cc(129)] GetFileAttributes C:\Users\Bin Rong\AppData\Local\Google\Chrome\User Data\Crashpad\attachments\1f758e8c-b9d6-466b-8061-c3a7974b5331: The system cannot find the path specified. (0x3)
[0110/152947.548:ERROR:filesystem_win.cc(129)] GetFileAttributes C:\Users\Bin Rong\AppData\Local\Google\Chrome\User Data\Crashpad\attachments\8dd1f75f-8104-4cd2-b51a-529b5b657675: The system cannot find the path specified. (0x3)
[0111/091840.300:ERROR:directory_reader_win.cc(43)] FindFirstFile: The system cannot find the path specified. (0x3)
[0111/151949.964:ERROR:file_io.cc(135)] WriteFile: The pipe is being closed. (0xE8)
[0111/194924.439:ERROR:directory_reader_win.cc(43)] FindFirstFile: The system cannot find the path specified. (0x3)
[0112/092431.606:ERROR:directory_reader_win.cc(43)] FindFirstFile: The system cannot find the path specified. (0x3)
[0113/150446.996:ERROR:directory_reader_win.cc(43)] FindFirstFile: The system cannot find the path specified. (0x3)
[0114/130409.637:ERROR:directory_reader_win.cc(43)] FindFirstFile: The system cannot find the path specified. (0x3)
[0116/023054.579:ERROR:directory_reader_win.cc(43)] FindFirstFile: The system cannot find the path specified. (0x3)
